<?xml version="1.0" encoding="UTF-8"?>
<!-- Generated by org.testng.reporters.JUnitReportReporter -->
<testsuite hostname="Admin-PC" failures="0" tests="1" name="com.edu.graduationproject.test.TestRegistration" time="0.000" errors="0" timestamp="2022-11-25T19:50:49 GMT+07:00" skipped="1">
  <testcase classname="com.edu.graduationproject.test.TestRegistration" name="testRegistration" time="0.000">
    <skipped/>
  </testcase> <!-- testRegistration -->
  <system-out/>
</testsuite> <!-- com.edu.graduationproject.test.TestRegistration -->
