<?xml version="1.0" encoding="UTF-8"?>
<!-- Generated by org.testng.reporters.JUnitReportReporter -->
<testsuite hostname="Admin-PC" failures="0" tests="3" name="com.edu.graduationproject.test.ahha" time="4.140" errors="0" timestamp="2022-10-19T16:44:14 GMT+07:00" skipped="0">
  <testcase classname="com.edu.graduationproject.test.ahha" name="f" time="1.220"/>
  <system-out/>
  <testcase classname="com.edu.graduationproject.test.ahha" name="FillloginDetails" time="0.221"/>
  <system-out/>
  <testcase classname="com.edu.graduationproject.test.ahha" name="dologinDetails" time="2.699"/>
  <system-out/>
</testsuite> <!-- com.edu.graduationproject.test.ahha -->
