<?xml version="1.0" encoding="UTF-8"?>
<!-- Generated by org.testng.reporters.JUnitReportReporter -->
<testsuite hostname="Admin-PC" failures="0" tests="3" name="com.edu.graduationproject.test.ForgotPassword" time="16.125" errors="0" timestamp="2022-12-03T21:23:01 GMT+07:00" skipped="0">
  <testcase classname="com.edu.graduationproject.test.ForgotPassword" name="launcher" time="4.661"/>
  <system-out/>
  <testcase classname="com.edu.graduationproject.test.ForgotPassword" name="Wrongmail" time="4.881"/>
  <system-out/>
  <testcase classname="com.edu.graduationproject.test.ForgotPassword" name="truemail" time="6.583"/>
  <system-out/>
</testsuite> <!-- com.edu.graduationproject.test.ForgotPassword -->
