<?xml version="1.0" encoding="UTF-8"?>
<!-- Generated by org.testng.reporters.JUnitReportReporter -->
<testsuite hostname="Admin-PC" failures="0" tests="4" name="com.edu.graduationproject.test.TestRegistrationServlet" time="57.869" errors="0" timestamp="2022-12-03T21:12:26 GMT+07:00" skipped="0">
  <testcase classname="com.edu.graduationproject.test.TestRegistrationServlet" name="testRegistration" time="8.242"/>
  <system-out/>
  <testcase classname="com.edu.graduationproject.test.TestRegistrationServlet" name="testRegistration" time="10.852"/>
  <system-out/>
  <testcase classname="com.edu.graduationproject.test.TestRegistrationServlet" name="testRegistration" time="23.709"/>
  <system-out/>
  <testcase classname="com.edu.graduationproject.test.TestRegistrationServlet" name="testRegistration" time="15.066"/>
  <system-out/>
</testsuite> <!-- com.edu.graduationproject.test.TestRegistrationServlet -->
