<?xml version="1.0" encoding="UTF-8"?>
<!-- Generated by org.testng.reporters.JUnitReportReporter -->
<testsuite hostname="Admin-PC" failures="0" tests="2" name="com.edu.graduationproject.test.Testsignup" time="23.815" errors="0" timestamp="2022-10-18T20:22:23 GMT+07:00" skipped="0">
  <testcase classname="com.edu.graduationproject.test.Testsignup" name="testpass" time="12.627"/>
  <system-out/>
  <testcase classname="com.edu.graduationproject.test.Testsignup" name="testtitle" time="11.188"/>
  <system-out/>
</testsuite> <!-- com.edu.graduationproject.test.Testsignup -->
