<?xml version="1.0" encoding="UTF-8"?>
<!-- Generated by org.testng.reporters.JUnitReportReporter -->
<testsuite hostname="Admin-PC" failures="0" tests="4" name="com.edu.graduationproject.test.CrudUser" time="195.128" errors="0" timestamp="2022-12-03T21:31:49 GMT+07:00" skipped="0">
  <testcase classname="com.edu.graduationproject.test.CrudUser" name="testRegistration" time="40.491"/>
  <system-out/>
  <testcase classname="com.edu.graduationproject.test.CrudUser" name="testRegistration" time="40.283"/>
  <system-out/>
  <testcase classname="com.edu.graduationproject.test.CrudUser" name="testRegistration" time="58.500"/>
  <system-out/>
  <testcase classname="com.edu.graduationproject.test.CrudUser" name="testRegistration" time="55.854"/>
  <system-out/>
</testsuite> <!-- com.edu.graduationproject.test.CrudUser -->
