<?xml version="1.0" encoding="UTF-8"?>
<!-- Generated by org.testng.reporters.JUnitReportReporter -->
<testsuite hostname="Admin-PC" failures="0" tests="1" name="com.edu.graduationproject.test.okhttp" time="1.446" errors="0" timestamp="2022-10-19T15:09:50 GMT+07:00" skipped="0">
  <testcase classname="com.edu.graduationproject.test.okhttp" name="whenSendPostRequest_thenCorrect" time="1.446"/>
  <system-out/>
</testsuite> <!-- com.edu.graduationproject.test.okhttp -->
