<?xml version="1.0" encoding="UTF-8"?>
<!-- Generated by org.testng.reporters.JUnitReportReporter -->
<testsuite hostname="Admin-PC" failures="0" tests="4" name="com.edu.graduationproject.test.CrudUser" time="228.932" errors="0" timestamp="2022-12-09T15:50:58 GMT+07:00" skipped="0">
  <testcase classname="com.edu.graduationproject.test.CrudUser" name="testRegistration" time="58.314"/>
  <system-out/>
  <testcase classname="com.edu.graduationproject.test.CrudUser" name="testRegistration" time="58.459"/>
  <system-out/>
  <testcase classname="com.edu.graduationproject.test.CrudUser" name="testRegistration" time="56.333"/>
  <system-out/>
  <testcase classname="com.edu.graduationproject.test.CrudUser" name="testRegistration" time="55.826"/>
  <system-out/>
</testsuite> <!-- com.edu.graduationproject.test.CrudUser -->
