<?xml version="1.0" encoding="UTF-8"?>
<!-- Generated by org.testng.reporters.JUnitReportReporter -->
<testsuite hostname="Admin-PC" failures="0" tests="1" name="com.edu.graduationproject.test.test1" time="18.360" errors="0" timestamp="2022-10-18T19:55:03 GMT+07:00" skipped="0">
  <testcase classname="com.edu.graduationproject.test.test1" name="Logintest" time="18.360"/>
  <system-out/>
</testsuite> <!-- com.edu.graduationproject.test.test1 -->
