<?xml version="1.0" encoding="UTF-8"?>
<!-- Generated by org.testng.reporters.JUnitReportReporter -->
<testsuite hostname="Admin-PC" failures="0" tests="6" name="com.edu.graduationproject.test.TestCart" time="71.897" errors="0" timestamp="2022-11-18T15:48:35 GMT+07:00" skipped="0">
  <testcase classname="com.edu.graduationproject.test.TestCart" name="launcher" time="3.985"/>
  <system-out/>
  <testcase classname="com.edu.graduationproject.test.TestCart" name="viewcart" time="12.326"/>
  <system-out/>
  <testcase classname="com.edu.graduationproject.test.TestCart" name="backtohome" time="1.914"/>
  <system-out/>
  <testcase classname="com.edu.graduationproject.test.TestCart" name="clearcart" time="20.958"/>
  <system-out/>
  <testcase classname="com.edu.graduationproject.test.TestCart" name="Quantity" time="16.070"/>
  <system-out/>
  <testcase classname="com.edu.graduationproject.test.TestCart" name="order" time="16.644"/>
  <system-out/>
</testsuite> <!-- com.edu.graduationproject.test.TestCart -->
