<?xml version="1.0" encoding="UTF-8"?>
<!-- Generated by org.testng.reporters.JUnitReportReporter -->
<testsuite hostname="Admin-PC" failures="0" tests="4" name="com.edu.graduationproject.test.testnew" time="0.000" errors="0" timestamp="2022-12-01T20:33:04 GMT+07:00" skipped="4">
  <testcase classname="com.edu.graduationproject.test.testnew" name="testLogin2" time="0.000">
    <skipped/>
  </testcase> <!-- testLogin2 -->
  <system-out/>
  <testcase classname="com.edu.graduationproject.test.testnew" name="testLogin2" time="0.000">
    <skipped/>
  </testcase> <!-- testLogin2 -->
  <system-out/>
  <testcase classname="com.edu.graduationproject.test.testnew" name="testLogin2" time="0.000">
    <skipped/>
  </testcase> <!-- testLogin2 -->
  <system-out/>
  <testcase classname="com.edu.graduationproject.test.testnew" name="testLogin2" time="0.000">
    <skipped/>
  </testcase> <!-- testLogin2 -->
  <system-out/>
</testsuite> <!-- com.edu.graduationproject.test.testnew -->
