<?xml version="1.0" encoding="UTF-8"?>
<!-- Generated by org.testng.reporters.JUnitReportReporter -->
<testsuite hostname="Admin-PC" failures="0" tests="3" name="com.edu.graduationproject.test.ForgotPassword" time="20.854" errors="0" timestamp="2022-11-18T21:55:10 GMT+07:00" skipped="0">
  <testcase classname="com.edu.graduationproject.test.ForgotPassword" name="launcher" time="10.143"/>
  <system-out/>
  <testcase classname="com.edu.graduationproject.test.ForgotPassword" name="truemail" time="6.125"/>
  <system-out/>
  <testcase classname="com.edu.graduationproject.test.ForgotPassword" name="Wrongmail" time="4.586"/>
  <system-out/>
</testsuite> <!-- com.edu.graduationproject.test.ForgotPassword -->
