<?xml version="1.0" encoding="UTF-8"?>
<!-- Generated by org.testng.reporters.JUnitReportReporter -->
<testsuite hostname="Admin-PC" failures="0" tests="6" name="com.edu.graduationproject.test.TestCart" time="0.000" errors="0" timestamp="2022-12-01T20:33:04 GMT+07:00" skipped="6">
  <testcase classname="com.edu.graduationproject.test.TestCart" name="launcher" time="0.000">
    <skipped/>
  </testcase> <!-- launcher -->
  <system-out/>
  <testcase classname="com.edu.graduationproject.test.TestCart" name="viewcart" time="0.000">
    <skipped/>
  </testcase> <!-- viewcart -->
  <system-out/>
  <testcase classname="com.edu.graduationproject.test.TestCart" name="backtohome" time="0.000">
    <skipped/>
  </testcase> <!-- backtohome -->
  <system-out/>
  <testcase classname="com.edu.graduationproject.test.TestCart" name="clearcart" time="0.000">
    <skipped/>
  </testcase> <!-- clearcart -->
  <system-out/>
  <testcase classname="com.edu.graduationproject.test.TestCart" name="Quantity" time="0.000">
    <skipped/>
  </testcase> <!-- Quantity -->
  <system-out/>
  <testcase classname="com.edu.graduationproject.test.TestCart" name="order" time="0.000">
    <skipped/>
  </testcase> <!-- order -->
  <system-out/>
</testsuite> <!-- com.edu.graduationproject.test.TestCart -->
