<?xml version="1.0" encoding="UTF-8"?>
<!-- Generated by org.testng.reporters.JUnitReportReporter -->
<testsuite hostname="Admin-PC" failures="0" tests="1" name="com.edu.graduationproject.testJunit.RestAssuredWithSelenium" time="3.496" errors="0" timestamp="2022-11-09T15:35:52 GMT+07:00" skipped="0">
  <testcase classname="com.edu.graduationproject.testJunit.RestAssuredWithSelenium" name="shouldAnswerWithTrue" time="3.496"/>
  <system-out/>
</testsuite> <!-- com.edu.graduationproject.testJunit.RestAssuredWithSelenium -->
