<?xml version="1.0" encoding="UTF-8"?>
<!-- Generated by org.testng.reporters.JUnitReportReporter -->
<testsuite hostname="Admin-PC" failures="0" tests="3" name="com.edu.graduationproject.test.Crudproduct" time="48.821" errors="0" timestamp="2022-12-03T21:26:50 GMT+07:00" skipped="0">
  <testcase classname="com.edu.graduationproject.test.Crudproduct" name="launcherfail" time="4.081"/>
  <system-out/>
  <testcase classname="com.edu.graduationproject.test.Crudproduct" name="loginadmin" time="6.951"/>
  <system-out/>
  <testcase classname="com.edu.graduationproject.test.Crudproduct" name="product" time="37.789"/>
  <system-out/>
</testsuite> <!-- com.edu.graduationproject.test.Crudproduct -->
