<?xml version="1.0" encoding="UTF-8"?>
<!-- Generated by org.testng.reporters.JUnitReportReporter -->
<testsuite hostname="Admin-PC" failures="0" tests="4" name="com.edu.graduationproject.test.testnew" time="122.434" errors="0" timestamp="2022-11-22T15:47:57 GMT+07:00" skipped="0">
  <testcase classname="com.edu.graduationproject.test.testnew" name="testLogin2" time="31.369"/>
  <system-out/>
  <testcase classname="com.edu.graduationproject.test.testnew" name="testLogin2" time="30.527"/>
  <system-out/>
  <testcase classname="com.edu.graduationproject.test.testnew" name="testLogin2" time="30.332"/>
  <system-out/>
  <testcase classname="com.edu.graduationproject.test.testnew" name="testLogin2" time="30.206"/>
  <system-out/>
</testsuite> <!-- com.edu.graduationproject.test.testnew -->
