<?xml version="1.0" encoding="UTF-8"?>
<!-- Generated by org.testng.reporters.JUnitReportReporter -->
<testsuite hostname="Admin-PC" failures="0" tests="1" name="com.edu.graduationproject.test.k" time="8.638" errors="0" timestamp="2022-11-18T16:09:20 GMT+07:00" skipped="0">
  <testcase classname="com.edu.graduationproject.test.k" name="Testlogin" time="8.638"/>
  <system-out/>
</testsuite> <!-- com.edu.graduationproject.test.k -->
