<?xml version="1.0" encoding="UTF-8"?>
<!-- Generated by org.testng.reporters.JUnitReportReporter -->
<testsuite hostname="Admin-PC" failures="0" tests="9" name="com.edu.graduationproject.test.user" time="0.001" errors="0" timestamp="2022-12-01T20:33:04 GMT+07:00" skipped="9">
  <testcase classname="com.edu.graduationproject.test.user" name="searchcate1" time="0.000">
    <skipped/>
  </testcase> <!-- searchcate1 -->
  <system-out/>
  <testcase classname="com.edu.graduationproject.test.user" name="searchcate2" time="0.001">
    <skipped/>
  </testcase> <!-- searchcate2 -->
  <system-out/>
  <testcase classname="com.edu.graduationproject.test.user" name="searchcate3" time="0.000">
    <skipped/>
  </testcase> <!-- searchcate3 -->
  <system-out/>
  <testcase classname="com.edu.graduationproject.test.user" name="searchcate4" time="0.000">
    <skipped/>
  </testcase> <!-- searchcate4 -->
  <system-out/>
  <testcase classname="com.edu.graduationproject.test.user" name="filter" time="0.000">
    <skipped/>
  </testcase> <!-- filter -->
  <system-out/>
  <testcase classname="com.edu.graduationproject.test.user" name="cart" time="0.000">
    <skipped/>
  </testcase> <!-- cart -->
  <system-out/>
  <testcase classname="com.edu.graduationproject.test.user" name="opensigup" time="0.000">
    <skipped/>
  </testcase> <!-- opensigup -->
  <system-out/>
  <testcase classname="com.edu.graduationproject.test.user" name="opensignin" time="0.000">
    <skipped/>
  </testcase> <!-- opensignin -->
  <system-out/>
  <testcase classname="com.edu.graduationproject.test.user" name="forgot" time="0.000">
    <skipped/>
  </testcase> <!-- forgot -->
  <system-out/>
</testsuite> <!-- com.edu.graduationproject.test.user -->
