<?xml version="1.0" encoding="UTF-8"?>
<!-- Generated by org.testng.reporters.JUnitReportReporter -->
<testsuite hostname="Admin-PC" failures="0" tests="6" name="com.edu.graduationproject.test.TestCartheroapp" time="97.695" errors="0" timestamp="2022-12-02T17:41:58 GMT+07:00" skipped="0">
  <testcase classname="com.edu.graduationproject.test.TestCartheroapp" name="launcher" time="7.079"/>
  <system-out/>
  <testcase classname="com.edu.graduationproject.test.TestCartheroapp" name="viewcart" time="14.413"/>
  <system-out/>
  <testcase classname="com.edu.graduationproject.test.TestCartheroapp" name="backtohome" time="9.347"/>
  <system-out/>
  <testcase classname="com.edu.graduationproject.test.TestCartheroapp" name="clearcart" time="24.925"/>
  <system-out/>
  <testcase classname="com.edu.graduationproject.test.TestCartheroapp" name="Quantity" time="20.766"/>
  <system-out/>
  <testcase classname="com.edu.graduationproject.test.TestCartheroapp" name="order" time="21.165"/>
  <system-out/>
</testsuite> <!-- com.edu.graduationproject.test.TestCartheroapp -->
