<?xml version="1.0" encoding="UTF-8"?>
<!-- Generated by org.testng.reporters.JUnitReportReporter -->
<testsuite hostname="Admin-PC" failures="0" tests="6" name="com.edu.graduationproject.test.TestCartheroapp" time="84.323" errors="0" timestamp="2022-12-09T15:41:22 GMT+07:00" skipped="0">
  <testcase classname="com.edu.graduationproject.test.TestCartheroapp" name="launcher" time="3.818"/>
  <system-out/>
  <testcase classname="com.edu.graduationproject.test.TestCartheroapp" name="viewcart" time="12.376"/>
  <system-out/>
  <testcase classname="com.edu.graduationproject.test.TestCartheroapp" name="backtohome" time="8.968"/>
  <system-out/>
  <testcase classname="com.edu.graduationproject.test.TestCartheroapp" name="clearcart" time="23.429"/>
  <system-out/>
  <testcase classname="com.edu.graduationproject.test.TestCartheroapp" name="Quantity" time="18.979"/>
  <system-out/>
  <testcase classname="com.edu.graduationproject.test.TestCartheroapp" name="order" time="16.753"/>
  <system-out/>
</testsuite> <!-- com.edu.graduationproject.test.TestCartheroapp -->
