<?xml version="1.0" encoding="UTF-8"?>
<!-- Generated by org.testng.reporters.JUnitReportReporter -->
<testsuite hostname="Admin-PC" failures="0" tests="1" name="com.edu.graduationproject.testJunit.RestAssuredWithSelenium" time="0.000" errors="0" timestamp="2022-12-01T20:33:04 GMT+07:00" skipped="1">
  <testcase classname="com.edu.graduationproject.testJunit.RestAssuredWithSelenium" name="shouldAnswerWithTrue" time="0.000">
    <skipped/>
  </testcase> <!-- shouldAnswerWithTrue -->
  <system-out/>
</testsuite> <!-- com.edu.graduationproject.testJunit.RestAssuredWithSelenium -->
